<?xml version="1.0" encoding="UTF-8"?>
<testng-results ignored="0" total="0" passed="0" failed="0" skipped="0">
  <reporter-output>
  </reporter-output>
  <suite started-at="2023-04-23T19:44:37 IST" name="All Test Suite" finished-at="2023-04-23T19:44:37 IST" duration-ms="12">
    <groups>
    </groups>
    <test started-at="2023-04-23T19:44:37 IST" name="/Users/saurabhkansal/IdeaProjects/YouTubeAutomation/.idea" finished-at="2023-04-23T19:44:37 IST" duration-ms="12">
    </test> <!-- /Users/saurabhkansal/IdeaProjects/YouTubeAutomation/.idea -->
  </suite> <!-- All Test Suite -->
</testng-results>
